\BOOKMARK [0][-]{section*.7}{\376\377\000\332\000v\000o\000d}{}% 1
\BOOKMARK [0][-]{section*.10}{\376\377\000C\000\355\000l\000e\000\040\000p\000r\000\341\000c\000e}{}% 2
\BOOKMARK [0][-]{chapter.11}{\376\377\000\332\000v\000o\000d\000\040\000d\000o\000\040\000t\000e\000s\000t\000o\000v\000\341\000n\000\355\000\040\000m\000a\000t\000e\000r\000i\000\341\000l\001\157\000,\000\040\000p\000o\000p\000i\000s\000\040\000m\000e\000t\000o\000d\000\040\000a\000k\000u\000s\000t\000i\000c\000k\000\351\000\040\000e\000m\000i\000s\000e}{}% 3
\BOOKMARK [1][-]{section.12}{\376\377\000N\000e\000d\000e\000s\000t\000r\000u\000k\000t\000i\000v\000n\000\355\000\040\000t\000e\000s\000t\000o\000v\000\341\000n\000\355}{chapter.11}% 4
\BOOKMARK [1][-]{section.13}{\376\377\000M\000e\000t\000o\000d\000y\000\040\000n\000e\000d\000e\000s\000t\000r\000u\000k\000t\000i\000v\000n\000\355\000h\000o\000\040\000t\000e\000s\000t\000o\000v\000\341\000n\000\355}{chapter.11}% 5
\BOOKMARK [1][-]{section.14}{\376\377\000M\000e\000t\000o\000d\000a\000\040\000A\000E\000.\000\040\000J\000e\000j\000\355\000\040\000v\000\375\000h\000o\000d\000y\000,\000\040\000l\000i\000m\000i\000t\000y}{chapter.11}% 6
\BOOKMARK [1][-]{section.15}{\376\377\000P\000o\000s\000t\000u\000p\000y\000\040\000p\000o\000u\001\176\000i\000t\000\355\000\040\000m\000e\000t\000o\000d\000y\000\040\000A\000E\000\040\000u\000\040\000s\000l\000o\001\176\000i\000t\001\033\000j\001\141\000\355\000c\000h\000\040\000s\000t\000r\000u\000k\000t\000u\000r}{chapter.11}% 7
\BOOKMARK [2][-]{subsection.16}{\376\377\000T\000e\000c\000h\000n\000i\000k\000y\000\040\000z\000a\000l\000o\001\176\000e\000n\000\351\000\040\000n\000a\000\040\000m\000o\000d\000e\000l\000e\000c\000h}{section.15}% 8
\BOOKMARK [2][-]{subsection.17}{\376\377\000T\000e\000c\000h\000n\000i\000k\000y\000\040\000z\000a\000l\000o\001\176\000e\000n\000\351\000\040\000n\000a\000\040\000s\000t\000r\000o\000j\000o\000v\000\351\000m\000\040\000u\001\015\000e\000n\000\355}{section.15}% 9
\BOOKMARK [1][-]{section.18}{\376\377\000K\000o\000m\000e\000r\001\015\000n\000\355\000\040\000p\000o\000u\001\176\000i\000t\000\355\000\040\000n\000e\000u\000r\000o\000n\000o\000v\000\375\000c\000h\000\040\000s\000\355\000t\000\355\000\040\000p\000r\000o\000\040\000l\000o\000k\000a\000l\000i\000z\000a\000c\000i\000\040\000A\000E}{chapter.11}% 10
\BOOKMARK [1][-]{section.19}{\376\377\000P\001\131\000\355\000p\000a\000d\000n\000\375\000\040\000v\000\375\000v\000o\000j}{chapter.11}% 11
\BOOKMARK [0][-]{chapter.20}{\376\377\000V\000\375\000s\000l\000e\000d\000k\000y\000\040\000s\000t\000u\000d\000e\000n\000t\000s\000k\000\351\000\040\000p\000r\000\341\000c\000e}{}% 12
\BOOKMARK [1][-]{section.21}{\376\377\000P\000r\000o\000g\000r\000a\000m\000o\000v\000\351\000\040\001\131\000e\001\141\000e\000n\000\355}{chapter.20}% 13
\BOOKMARK [1][-]{section.22}{\376\377\000V\000\375\000s\000l\000e\000d\000k\000y\000\040\000m\001\033\001\131\000e\000n\000\355}{chapter.20}% 14
\BOOKMARK [2][-]{subsection.23}{\376\377\000E\000t\000i\000a\000m\000\040\000q\000u\000i\000s\000\040\000q\000u\000a\000m}{section.22}% 15
\BOOKMARK [0][-]{section*.27}{\376\377\000Z\000\341\000v\001\033\000r}{}% 16
\BOOKMARK [0][-]{section*.29}{\376\377\000L\000i\000t\000e\000r\000a\000t\000u\000r\000a}{}% 17
\BOOKMARK [0][-]{section*.31}{\376\377\000S\000e\000z\000n\000a\000m\000\040\000s\000y\000m\000b\000o\000l\001\157\000\040\000a\000\040\000z\000k\000r\000a\000t\000e\000k}{}% 18
\BOOKMARK [0][-]{section*.33}{\376\377\000S\000e\000z\000n\000a\000m\000\040\000p\001\131\000\355\000l\000o\000h}{}% 19
\BOOKMARK [0][-]{chapter.34}{\376\377\000N\001\033\000k\000t\000e\000r\000\351\000\040\000p\001\131\000\355\000k\000a\000z\000y\000\040\000b\000a\000l\000\355\001\015\000k\000u\000\040\000t\000h\000e\000s\000i\000s\000\040}{}% 20
\BOOKMARK [1][-]{section.35}{\376\377\000P\001\131\000\355\000k\000a\000z\000y\000\040\000p\000r\000o\000\040\000s\000a\000z\000b\000u\000\040\000v\000e\000l\000i\001\015\000i\000n\000\040\000a\000\040\000j\000e\000d\000n\000o\000t\000e\000k\000\040}{chapter.34}% 21
\BOOKMARK [1][-]{section.37}{\376\377\000P\001\131\000\355\000k\000a\000z\000y\000\040\000p\000r\000o\000\040\000s\000a\000z\000b\000u\000\040\000s\000y\000m\000b\000o\000l\001\157\000\040}{chapter.34}% 22
\BOOKMARK [0][-]{chapter.39}{\376\377\000D\000r\000u\000h\000\341\000\040\000p\001\131\000\355\000l\000o\000h\000a\000\040}{}% 23
\BOOKMARK [0][-]{chapter.41}{\376\377\000P\001\131\000\355\000k\000l\000a\000d\000\040\000s\000a\000z\000b\000y\000\040\000z\000d\000r\000o\000j\000o\000v\000\375\000c\000h\000\040\000k\000\363\000d\001\157\000\040}{}% 24
\BOOKMARK [1][-]{section.42}{\376\377\000B\000a\000l\000\355\001\015\000e\000k\000\040\000l\000i\000s\000t\000i\000n\000g\000s\000\040}{chapter.41}% 25
\BOOKMARK [0][-]{chapter.115}{\376\377\000O\000b\000s\000a\000h\000\040\000e\000l\000e\000k\000t\000r\000o\000n\000i\000c\000k\000\351\000\040\000p\001\131\000\355\000l\000o\000h\000y\000\040}{}% 26
